[2025-10-21T09:57:54.520Z] [ERROR] Request failed {"method":"GET","url":"/uploads?category=images&page=1&limit=60","statusCode":401,"duration":"10ms","ip":"::1"}
[2025-10-21T09:57:54.535Z] [ERROR] Request failed {"method":"GET","url":"/uploads?category=images&page=1&limit=60","statusCode":401,"duration":"5ms","ip":"::1"}
[2025-10-21T09:57:59.847Z] [ERROR] Request failed {"method":"POST","url":"/uploads/multiple","statusCode":401,"duration":"7ms","ip":"::1"}
[2025-10-21T09:59:51.319Z] [ERROR] Request failed {"method":"GET","url":"/text/hero","statusCode":404,"duration":"3ms","ip":"::1"}
[2025-10-21T09:59:51.332Z] [ERROR] Request failed {"method":"GET","url":"/text/hero","statusCode":404,"duration":"4ms","ip":"::1"}
[2025-10-21T09:59:51.333Z] [ERROR] Request failed {"method":"GET","url":"/json/site","statusCode":404,"duration":"3ms","ip":"::1"}
[2025-10-21T09:59:51.342Z] [ERROR] Request failed {"method":"GET","url":"/json/site","statusCode":404,"duration":"1ms","ip":"::1"}
[2025-10-21T09:59:52.235Z] [ERROR] Request failed {"method":"GET","url":"/json/service-categories","statusCode":404,"duration":"2ms","ip":"::1"}
[2025-10-21T09:59:52.242Z] [ERROR] Request failed {"method":"GET","url":"/json/service-categories","statusCode":404,"duration":"1ms","ip":"::1"}
[2025-10-21T09:59:53.188Z] [ERROR] Request failed {"method":"GET","url":"/json/projects","statusCode":404,"duration":"2ms","ip":"::1"}
[2025-10-21T09:59:53.202Z] [ERROR] Request failed {"method":"GET","url":"/json/projects","statusCode":404,"duration":"3ms","ip":"::1"}
[2025-10-21T09:59:58.965Z] [ERROR] Request failed {"method":"GET","url":"/json/news","statusCode":404,"duration":"3ms","ip":"::1"}
[2025-10-21T09:59:58.976Z] [ERROR] Request failed {"method":"GET","url":"/json/news","statusCode":404,"duration":"3ms","ip":"::1"}
[2025-10-21T10:00:03.697Z] [ERROR] Request failed {"method":"GET","url":"/json/news","statusCode":404,"duration":"1ms","ip":"::1"}
[2025-10-21T10:00:03.707Z] [ERROR] Request failed {"method":"GET","url":"/json/news","statusCode":404,"duration":"1ms","ip":"::1"}
[2025-10-21T10:00:05.689Z] [ERROR] Request failed {"method":"GET","url":"/uploads?category=images&page=1&limit=60","statusCode":401,"duration":"4ms","ip":"::1"}
[2025-10-21T10:00:05.706Z] [ERROR] Request failed {"method":"GET","url":"/uploads?category=images&page=1&limit=60","statusCode":401,"duration":"3ms","ip":"::1"}
[2025-10-21T10:00:06.832Z] [ERROR] Request failed {"method":"GET","url":"/list","statusCode":401,"duration":"10ms","ip":"::1"}
[2025-10-21T10:00:06.867Z] [ERROR] Request failed {"method":"GET","url":"/list","statusCode":401,"duration":"4ms","ip":"::1"}
[2025-10-21T10:00:08.783Z] [ERROR] Request failed {"method":"GET","url":"/uploads?category=images&page=1&limit=60","statusCode":401,"duration":"11ms","ip":"::1"}
[2025-10-21T10:00:08.813Z] [ERROR] Request failed {"method":"GET","url":"/uploads?category=images&page=1&limit=60","statusCode":401,"duration":"18ms","ip":"::1"}
[2025-10-21T10:00:15.885Z] [ERROR] Request failed {"method":"GET","url":"/json/service-categories","statusCode":404,"duration":"6ms","ip":"::1"}
[2025-10-21T10:00:15.899Z] [ERROR] Request failed {"method":"GET","url":"/json/service-categories","statusCode":404,"duration":"4ms","ip":"::1"}
[2025-10-21T10:00:16.706Z] [ERROR] Request failed {"method":"GET","url":"/json/projects","statusCode":404,"duration":"2ms","ip":"::1"}
[2025-10-21T10:00:16.726Z] [ERROR] Request failed {"method":"GET","url":"/json/projects","statusCode":404,"duration":"7ms","ip":"::1"}
[2025-10-21T10:00:17.694Z] [ERROR] Request failed {"method":"GET","url":"/json/gallery","statusCode":404,"duration":"10ms","ip":"::1"}
[2025-10-21T10:00:17.706Z] [ERROR] Request failed {"method":"GET","url":"/json/gallery","statusCode":404,"duration":"2ms","ip":"::1"}
[2025-10-21T10:20:31.046Z] [ERROR] Request failed {"method":"GET","url":"/list","statusCode":401,"duration":"2ms","ip":"::1"}
[2025-10-21T10:20:31.052Z] [ERROR] Request failed {"method":"GET","url":"/list","statusCode":401,"duration":"1ms","ip":"::1"}
[2025-10-21T11:20:07.797Z] [ERROR] Request failed {"method":"GET","url":"/json/site","statusCode":404,"duration":"6ms","ip":"::1"}
[2025-10-21T11:20:07.800Z] [ERROR] Request failed {"method":"GET","url":"/text/hero","statusCode":404,"duration":"7ms","ip":"::1"}
[2025-10-21T11:20:07.810Z] [ERROR] Request failed {"method":"GET","url":"/json/site","statusCode":404,"duration":"2ms","ip":"::1"}
[2025-10-21T11:20:07.814Z] [ERROR] Request failed {"method":"GET","url":"/text/hero","statusCode":404,"duration":"2ms","ip":"::1"}
[2025-10-21T11:26:40.070Z] [ERROR] Request failed {"method":"GET","url":"/uploads?category=images&page=1&limit=60","statusCode":401,"duration":"3ms","ip":"::1"}
[2025-10-21T11:26:40.080Z] [ERROR] Request failed {"method":"GET","url":"/uploads?category=images&page=1&limit=60","statusCode":401,"duration":"2ms","ip":"::1"}
[2025-10-21T11:48:00.650Z] [ERROR] Request failed {"method":"GET","url":"/uploads?category=images&page=1&limit=60","statusCode":401,"duration":"7ms","ip":"::1"}
[2025-10-21T11:48:00.699Z] [ERROR] Request failed {"method":"GET","url":"/uploads?category=images&page=1&limit=60","statusCode":401,"duration":"6ms","ip":"::1"}
[2025-10-21T11:49:35.513Z] [ERROR] Request failed {"method":"GET","url":"/text/hero","statusCode":404,"duration":"2ms","ip":"::1"}
[2025-10-21T11:49:35.524Z] [ERROR] Request failed {"method":"GET","url":"/text/hero","statusCode":404,"duration":"4ms","ip":"::1"}
[2025-10-21T11:49:35.526Z] [ERROR] Request failed {"method":"GET","url":"/json/site","statusCode":404,"duration":"4ms","ip":"::1"}
[2025-10-21T11:49:35.537Z] [ERROR] Request failed {"method":"GET","url":"/json/site","statusCode":404,"duration":"4ms","ip":"::1"}
[2025-10-21T11:50:33.232Z] [ERROR] Request failed {"method":"GET","url":"/json/site","statusCode":404,"duration":"1ms","ip":"::1"}
[2025-10-21T11:50:33.239Z] [ERROR] Request failed {"method":"GET","url":"/text/hero","statusCode":404,"duration":"1ms","ip":"::1"}
[2025-10-21T11:50:33.247Z] [ERROR] Request failed {"method":"GET","url":"/json/site","statusCode":404,"duration":"2ms","ip":"::1"}
[2025-10-21T11:50:33.253Z] [ERROR] Request failed {"method":"GET","url":"/text/hero","statusCode":404,"duration":"2ms","ip":"::1"}
[2025-10-21T11:55:20.040Z] [ERROR] Request failed {"method":"GET","url":"/json/site","statusCode":404,"duration":"3ms","ip":"::1"}
[2025-10-21T11:55:20.044Z] [ERROR] Request failed {"method":"GET","url":"/text/hero","statusCode":404,"duration":"5ms","ip":"::1"}
[2025-10-21T11:55:20.050Z] [ERROR] Request failed {"method":"GET","url":"/json/site","statusCode":404,"duration":"2ms","ip":"::1"}
[2025-10-21T11:55:20.054Z] [ERROR] Request failed {"method":"GET","url":"/text/hero","statusCode":404,"duration":"1ms","ip":"::1"}
[2025-10-21T12:00:38.148Z] [ERROR] Request failed {"method":"GET","url":"/json/site","statusCode":404,"duration":"4ms","ip":"::1"}
[2025-10-21T12:00:38.152Z] [ERROR] Request failed {"method":"GET","url":"/text/hero","statusCode":404,"duration":"5ms","ip":"::1"}
[2025-10-21T12:00:38.158Z] [ERROR] Request failed {"method":"GET","url":"/json/site","statusCode":404,"duration":"2ms","ip":"::1"}
[2025-10-21T12:00:38.163Z] [ERROR] Request failed {"method":"GET","url":"/text/hero","statusCode":404,"duration":"2ms","ip":"::1"}
[2025-10-21T12:04:16.056Z] [ERROR] Request failed {"method":"GET","url":"/json/service-categories","statusCode":404,"duration":"3ms","ip":"::1"}
[2025-10-21T12:04:16.071Z] [ERROR] Request failed {"method":"GET","url":"/json/service-categories","statusCode":404,"duration":"6ms","ip":"::1"}
[2025-10-21T12:13:17.841Z] [ERROR] Request failed {"method":"GET","url":"/json/projects","statusCode":404,"duration":"1ms","ip":"::1"}
[2025-10-21T12:13:17.851Z] [ERROR] Request failed {"method":"GET","url":"/json/projects","statusCode":404,"duration":"3ms","ip":"::1"}
[2025-10-21T12:31:21.949Z] [ERROR] Request failed {"method":"GET","url":"/json/gallery","statusCode":404,"duration":"5ms","ip":"::1"}
[2025-10-21T12:31:21.960Z] [ERROR] Request failed {"method":"GET","url":"/json/gallery","statusCode":404,"duration":"2ms","ip":"::1"}
[2025-10-21T12:34:53.989Z] [ERROR] Request failed {"method":"GET","url":"/json/projects","statusCode":404,"duration":"4ms","ip":"::1"}
[2025-10-21T12:34:53.998Z] [ERROR] Request failed {"method":"GET","url":"/json/projects","statusCode":404,"duration":"2ms","ip":"::1"}
[2025-10-21T12:36:42.486Z] [ERROR] Request failed {"method":"GET","url":"/json/gallery","statusCode":404,"duration":"3ms","ip":"::1"}
[2025-10-21T12:36:42.495Z] [ERROR] Request failed {"method":"GET","url":"/json/gallery","statusCode":404,"duration":"2ms","ip":"::1"}
[2025-10-21T12:37:00.873Z] [ERROR] Request failed {"method":"GET","url":"/json/projects","statusCode":404,"duration":"4ms","ip":"::1"}
[2025-10-21T12:37:00.893Z] [ERROR] Request failed {"method":"GET","url":"/json/projects","statusCode":404,"duration":"6ms","ip":"::1"}
[2025-10-21T12:37:07.698Z] [ERROR] Request failed {"method":"GET","url":"/json/gallery","statusCode":404,"duration":"2ms","ip":"::1"}
[2025-10-21T12:37:07.713Z] [ERROR] Request failed {"method":"GET","url":"/json/gallery","statusCode":404,"duration":"2ms","ip":"::1"}
[2025-10-21T12:37:09.005Z] [ERROR] Request failed {"method":"GET","url":"/json/projects","statusCode":404,"duration":"2ms","ip":"::1"}
[2025-10-21T12:37:09.014Z] [ERROR] Request failed {"method":"GET","url":"/json/projects","statusCode":404,"duration":"3ms","ip":"::1"}
[2025-10-21T12:37:12.569Z] [ERROR] Request failed {"method":"GET","url":"/json/gallery","statusCode":404,"duration":"1ms","ip":"::1"}
[2025-10-21T12:37:12.583Z] [ERROR] Request failed {"method":"GET","url":"/json/gallery","statusCode":404,"duration":"4ms","ip":"::1"}
[2025-10-21T12:37:13.838Z] [ERROR] Request failed {"method":"GET","url":"/json/projects","statusCode":404,"duration":"5ms","ip":"::1"}
[2025-10-21T12:37:13.851Z] [ERROR] Request failed {"method":"GET","url":"/json/projects","statusCode":404,"duration":"3ms","ip":"::1"}
[2025-10-21T12:37:45.652Z] [ERROR] Request failed {"method":"PUT","url":"/json/projects","statusCode":401,"duration":"51ms","ip":"::1"}
[2025-10-21T12:37:58.648Z] [ERROR] Request failed {"method":"GET","url":"/json/projects","statusCode":404,"duration":"6ms","ip":"::1"}
[2025-10-21T12:37:58.657Z] [ERROR] Request failed {"method":"GET","url":"/json/projects","statusCode":404,"duration":"2ms","ip":"::1"}
[2025-10-21T12:38:06.877Z] [ERROR] Request failed {"method":"GET","url":"/json/gallery","statusCode":404,"duration":"3ms","ip":"::1"}
[2025-10-21T12:38:06.888Z] [ERROR] Request failed {"method":"GET","url":"/json/gallery","statusCode":404,"duration":"2ms","ip":"::1"}
[2025-10-21T12:49:28.902Z] [ERROR] Request failed {"method":"GET","url":"/json/news","statusCode":404,"duration":"3ms","ip":"::1"}
[2025-10-21T12:49:28.917Z] [ERROR] Request failed {"method":"GET","url":"/json/news","statusCode":404,"duration":"5ms","ip":"::1"}
[2025-10-21T12:52:36.593Z] [ERROR] Request failed {"method":"GET","url":"/uploads?category=images&page=1&limit=60","statusCode":401,"duration":"2ms","ip":"::1"}
[2025-10-21T12:52:36.605Z] [ERROR] Request failed {"method":"GET","url":"/uploads?category=images&page=1&limit=60","statusCode":401,"duration":"2ms","ip":"::1"}
[2025-10-21T12:52:37.672Z] [ERROR] Request failed {"method":"GET","url":"/list","statusCode":401,"duration":"2ms","ip":"::1"}
[2025-10-21T12:52:37.683Z] [ERROR] Request failed {"method":"GET","url":"/list","statusCode":401,"duration":"3ms","ip":"::1"}
[2025-10-21T13:10:36.915Z] [ERROR] Request failed {"method":"GET","url":"/list","statusCode":401,"duration":"2ms","ip":"::1"}
[2025-10-21T13:10:36.923Z] [ERROR] Request failed {"method":"GET","url":"/list","statusCode":401,"duration":"2ms","ip":"::1"}
[2025-10-21T13:11:06.585Z] [ERROR] Request failed {"method":"GET","url":"/json/site","statusCode":404,"duration":"3ms","ip":"::1"}
[2025-10-21T13:11:06.588Z] [ERROR] Request failed {"method":"GET","url":"/text/hero","statusCode":404,"duration":"4ms","ip":"::1"}
[2025-10-21T13:11:06.592Z] [ERROR] Request failed {"method":"GET","url":"/json/site","statusCode":404,"duration":"1ms","ip":"::1"}
[2025-10-21T13:11:06.597Z] [ERROR] Request failed {"method":"GET","url":"/text/hero","statusCode":404,"duration":"2ms","ip":"::1"}
[2025-10-21T13:40:41.038Z] [ERROR] Request failed {"method":"GET","url":"/text/hero","statusCode":404,"duration":"5ms","ip":"::1"}
[2025-10-21T13:40:41.046Z] [ERROR] Request failed {"method":"GET","url":"/json/site","statusCode":404,"duration":"10ms","ip":"::1"}
[2025-10-21T13:40:41.058Z] [ERROR] Request failed {"method":"GET","url":"/text/hero","statusCode":404,"duration":"5ms","ip":"::1"}
[2025-10-21T13:40:41.070Z] [ERROR] Request failed {"method":"GET","url":"/json/site","statusCode":404,"duration":"3ms","ip":"::1"}
[2025-10-22T06:21:25.529Z] [ERROR] Request failed {"method":"GET","url":"/json/site","statusCode":404,"duration":"6ms","ip":"::1"}
[2025-10-22T06:21:25.532Z] [ERROR] Request failed {"method":"GET","url":"/text/hero","statusCode":404,"duration":"7ms","ip":"::1"}
[2025-10-22T06:21:25.536Z] [ERROR] Request failed {"method":"GET","url":"/json/site","statusCode":404,"duration":"2ms","ip":"::1"}
[2025-10-22T06:21:25.548Z] [ERROR] Request failed {"method":"GET","url":"/text/hero","statusCode":404,"duration":"5ms","ip":"::1"}
[2025-10-22T06:21:54.377Z] [ERROR] Request failed {"method":"GET","url":"/text/hero","statusCode":404,"duration":"2ms","ip":"::1"}
[2025-10-22T06:21:54.394Z] [ERROR] Request failed {"method":"GET","url":"/text/hero","statusCode":404,"duration":"5ms","ip":"::1"}
[2025-10-22T06:21:54.398Z] [ERROR] Request failed {"method":"GET","url":"/json/site","statusCode":404,"duration":"5ms","ip":"::1"}
[2025-10-22T06:21:54.412Z] [ERROR] Request failed {"method":"GET","url":"/json/site","statusCode":404,"duration":"3ms","ip":"::1"}
[2025-10-22T06:21:55.274Z] [ERROR] Request failed {"method":"GET","url":"/json/service-categories","statusCode":404,"duration":"2ms","ip":"::1"}
[2025-10-22T06:21:55.297Z] [ERROR] Request failed {"method":"GET","url":"/json/service-categories","statusCode":404,"duration":"8ms","ip":"::1"}
[2025-10-22T06:21:58.575Z] [ERROR] Request failed {"method":"GET","url":"/json/service-categories","statusCode":404,"duration":"3ms","ip":"::1"}
[2025-10-22T06:21:58.587Z] [ERROR] Request failed {"method":"GET","url":"/json/service-categories","statusCode":404,"duration":"3ms","ip":"::1"}
[2025-10-22T07:02:39.202Z] [ERROR] Request failed {"method":"GET","url":"/json/site","statusCode":404,"duration":"13ms","ip":"::1"}
[2025-10-22T07:02:39.209Z] [ERROR] Request failed {"method":"GET","url":"/text/hero","statusCode":404,"duration":"19ms","ip":"::1"}
[2025-10-22T07:02:39.225Z] [ERROR] Request failed {"method":"GET","url":"/json/site","statusCode":404,"duration":"4ms","ip":"::1"}
[2025-10-22T07:02:39.231Z] [ERROR] Request failed {"method":"GET","url":"/text/hero","statusCode":404,"duration":"3ms","ip":"::1"}
[2025-10-22T07:02:40.100Z] [ERROR] Request failed {"method":"GET","url":"/json/service-categories","statusCode":404,"duration":"4ms","ip":"::1"}
[2025-10-22T07:02:40.115Z] [ERROR] Request failed {"method":"GET","url":"/json/service-categories","statusCode":404,"duration":"3ms","ip":"::1"}
[2025-10-22T13:30:01.186Z] [ERROR] Request failed {"method":"GET","url":"/json/site","statusCode":404,"duration":"9ms","ip":"::1"}
[2025-10-22T13:30:01.188Z] [ERROR] Request failed {"method":"GET","url":"/text/hero","statusCode":404,"duration":"8ms","ip":"::1"}
[2025-10-22T13:30:01.200Z] [ERROR] Request failed {"method":"GET","url":"/json/site","statusCode":404,"duration":"2ms","ip":"::1"}
[2025-10-22T13:30:01.202Z] [ERROR] Request failed {"method":"GET","url":"/text/hero","statusCode":404,"duration":"3ms","ip":"::1"}
